<?xml version="1.0" encoding="UTF-8"?>
<testsuite name="com.noom.interview.fullstack.sleep.SleepApplicationTests" tests="1" skipped="0" failures="0" errors="0" timestamp="2025-05-16T11:40:33" hostname="MacBook-Air-de-Lucas.local" time="1.09">
  <properties/>
  <testcase name="contextLoads()" classname="com.noom.interview.fullstack.sleep.SleepApplicationTests" time="1.09"/>
  <system-out><![CDATA[08:40:30.062 [Test worker] DEBUG org.springframework.test.context.BootstrapUtils - Instantiating CacheAwareContextLoaderDelegate from class [org.springframework.test.context.cache.DefaultCacheAwareContextLoaderDelegate]
08:40:30.078 [Test worker] DEBUG org.springframework.test.context.BootstrapUtils - Instantiating BootstrapContext using constructor [public org.springframework.test.context.support.DefaultBootstrapContext(java.lang.Class,org.springframework.test.context.CacheAwareContextLoaderDelegate)]
08:40:30.148 [Test worker] DEBUG org.springframework.test.context.BootstrapUtils - Instantiating TestContextBootstrapper for test class [com.noom.interview.fullstack.sleep.SleepApplicationTests] from class [org.springframework.boot.test.context.SpringBootTestContextBootstrapper]
08:40:30.181 [Test worker] INFO org.springframework.boot.test.context.SpringBootTestContextBootstrapper - Neither @ContextConfiguration nor @ContextHierarchy found for test class [com.noom.interview.fullstack.sleep.SleepApplicationTests], using SpringBootContextLoader
08:40:30.188 [Test worker] DEBUG org.springframework.test.context.support.AbstractContextLoader - Did not detect default resource location for test class [com.noom.interview.fullstack.sleep.SleepApplicationTests]: class path resource [com/noom/interview/fullstack/sleep/SleepApplicationTests-context.xml] does not exist
08:40:30.190 [Test worker] DEBUG org.springframework.test.context.support.AbstractContextLoader - Did not detect default resource location for test class [com.noom.interview.fullstack.sleep.SleepApplicationTests]: class path resource [com/noom/interview/fullstack/sleep/SleepApplicationTestsContext.groovy] does not exist
08:40:30.190 [Test worker] INFO org.springframework.test.context.support.AbstractContextLoader - Could not detect default resource locations for test class [com.noom.interview.fullstack.sleep.SleepApplicationTests]: no resource found for suffixes {-context.xml, Context.groovy}.
08:40:30.192 [Test worker] INFO org.springframework.test.context.support.AnnotationConfigContextLoaderUtils - Could not detect default configuration classes for test class [com.noom.interview.fullstack.sleep.SleepApplicationTests]: SleepApplicationTests does not declare any static, non-private, non-final, nested classes annotated with @Configuration.
08:40:30.427 [Test worker] DEBUG org.springframework.context.annotation.ClassPathScanningCandidateComponentProvider - Identified candidate component class: file [/Users/lucaspereira/Desktop/challenge-noom/sleep/build/classes/kotlin/main/com/noom/interview/fullstack/sleep/SleepApplication.class]
08:40:30.444 [Test worker] INFO org.springframework.boot.test.context.SpringBootTestContextBootstrapper - Found @SpringBootConfiguration com.noom.interview.fullstack.sleep.SleepApplication for test class com.noom.interview.fullstack.sleep.SleepApplicationTests
08:40:30.569 [Test worker] DEBUG org.springframework.boot.test.context.SpringBootTestContextBootstrapper - @TestExecutionListeners is not present for class [com.noom.interview.fullstack.sleep.SleepApplicationTests]: using defaults.
08:40:30.570 [Test worker] INFO org.springframework.boot.test.context.SpringBootTestContextBootstrapper - Loaded default TestExecutionListener class names from location [META-INF/spring.factories]: [org.springframework.boot.test.autoconfigure.restdocs.RestDocsTestExecutionListener, org.springframework.boot.test.autoconfigure.web.client.MockRestServiceServerResetTestExecutionListener, org.springframework.boot.test.autoconfigure.web.servlet.MockMvcPrintOnlyOnFailureTestExecutionListener, org.springframework.boot.test.autoconfigure.web.servlet.WebDriverTestExecutionListener, org.springframework.boot.test.autoconfigure.webservices.client.MockWebServiceServerTestExecutionListener, org.springframework.boot.test.mock.mockito.MockitoTestExecutionListener, org.springframework.boot.test.mock.mockito.ResetMocksTestExecutionListener, org.springframework.test.context.web.ServletTestExecutionListener, org.springframework.test.context.support.DirtiesContextBeforeModesTestExecutionListener, org.springframework.test.context.event.ApplicationEventsTestExecutionListener, org.springframework.test.context.support.DependencyInjectionTestExecutionListener, org.springframework.test.context.support.DirtiesContextTestExecutionListener, org.springframework.test.context.transaction.TransactionalTestExecutionListener, org.springframework.test.context.jdbc.SqlScriptsTestExecutionListener, org.springframework.test.context.event.EventPublishingTestExecutionListener]
08:40:30.601 [Test worker] INFO org.springframework.boot.test.context.SpringBootTestContextBootstrapper - Using TestExecutionListeners: [org.springframework.test.context.web.ServletTestExecutionListener@1623134f, org.springframework.test.context.support.DirtiesContextBeforeModesTestExecutionListener@7a527389, org.springframework.test.context.event.ApplicationEventsTestExecutionListener@485a3466, org.springframework.boot.test.mock.mockito.MockitoTestExecutionListener@25748410, org.springframework.boot.test.autoconfigure.SpringBootDependencyInjectionTestExecutionListener@2b43529a, org.springframework.test.context.support.DirtiesContextTestExecutionListener@4264b240, org.springframework.test.context.transaction.TransactionalTestExecutionListener@5b04476e, org.springframework.test.context.jdbc.SqlScriptsTestExecutionListener@5ad10c1a, org.springframework.test.context.event.EventPublishingTestExecutionListener@6bb75258, org.springframework.boot.test.autoconfigure.restdocs.RestDocsTestExecutionListener@c260bdc, org.springframework.boot.test.autoconfigure.web.client.MockRestServiceServerResetTestExecutionListener@75e01201, org.springframework.boot.test.autoconfigure.web.servlet.MockMvcPrintOnlyOnFailureTestExecutionListener@2783717b, org.springframework.boot.test.autoconfigure.web.servlet.WebDriverTestExecutionListener@76f7d241, org.springframework.boot.test.autoconfigure.webservices.client.MockWebServiceServerTestExecutionListener@4a335fa8, org.springframework.boot.test.mock.mockito.ResetMocksTestExecutionListener@3f363cf5]
08:40:30.609 [Test worker] DEBUG org.springframework.test.context.support.AbstractDirtiesContextTestExecutionListener - Before test class: context [DefaultTestContext@5ed731d0 testClass = SleepApplicationTests, testInstance = [null], testMethod = [null], testException = [null], mergedContextConfiguration = [WebMergedContextConfiguration@3234f74e testClass = SleepApplicationTests, locations = '{}', classes = '{class com.noom.interview.fullstack.sleep.SleepApplication}', contextInitializerClasses = '[]', activeProfiles = '{unittest}', propertySourceLocations = '{}', propertySourceProperties = '{org.springframework.boot.test.context.SpringBootTestContextBootstrapper=true}', contextCustomizers = set[org.springframework.boot.test.autoconfigure.actuate.metrics.MetricsExportContextCustomizerFactory$DisableMetricExportContextCustomizer@56673b2c, org.springframework.boot.test.autoconfigure.properties.PropertyMappingContextCustomizer@0, org.springframework.boot.test.autoconfigure.web.servlet.WebDriverContextCustomizerFactory$Customizer@3daf7722, org.springframework.boot.test.context.filter.ExcludeFilterContextCustomizer@1fc32e4f, org.springframework.boot.test.json.DuplicateJsonObjectContextCustomizerFactory$DuplicateJsonObjectContextCustomizer@7efaad5a, org.springframework.boot.test.mock.mockito.MockitoContextCustomizer@0, org.springframework.boot.test.web.client.TestRestTemplateContextCustomizer@5f9be66c, org.springframework.boot.test.context.SpringBootTestArgs@1, org.springframework.boot.test.context.SpringBootTestWebEnvironment@2f465398], resourceBasePath = 'src/main/webapp', contextLoader = 'org.springframework.boot.test.context.SpringBootContextLoader', parent = [null]], attributes = map['org.springframework.test.context.web.ServletTestExecutionListener.activateListener' -> true]], class annotated with @DirtiesContext [false] with mode [null].

  .   ____          _            __ _ _
 /\\ / ___'_ __ _ _(_)_ __  __ _ \ \ \ \
( ( )\___ | '_ | '_| | '_ \/ _` | \ \ \ \
 \\/  ___)| |_)| | | | | || (_| |  ) ) ) )
  '  |____| .__|_| |_|_| |_\__, | / / / /
 =========|_|==============|___/=/_/_/_/
 :: Spring Boot ::               (v2.7.17)

2025-05-16 08:40:31.085  INFO 2827 --- [    Test worker] c.n.i.f.sleep.SleepApplicationTests      : Starting SleepApplicationTests using Java 17.0.7 on MacBook-Air-de-Lucas.local with PID 2827 (started by lucaspereira in /Users/lucaspereira/Desktop/challenge-noom/sleep)
2025-05-16 08:40:31.087  INFO 2827 --- [    Test worker] c.n.i.f.sleep.SleepApplicationTests      : The following 1 profile is active: "unittest"
2025-05-16 08:40:33.572  INFO 2827 --- [    Test worker] c.n.i.f.sleep.SleepApplicationTests      : Started SleepApplicationTests in 2.905 seconds (JVM running for 4.971)
]]></system-out>
  <system-err><![CDATA[]]></system-err>
</testsuite>
